<?xml version="1.0" encoding="UTF-8"?>
<!-- Generated by org.testng.reporters.JUnitXMLReporter -->
<testsuite hostname="Anwar231" failures="0" tests="4" name="Default test" time="0.042" errors="0" timestamp="26 Jul 2022 10:15:17 GMT">
  <testcase classname="testngExample.Testng1" name="addemp" time="0.014"/>
  <testcase classname="testngExample.Testng1" name="delemp" time="0.002"/>
  <testcase classname="testngExample.Testng1" name="login" time="0.001"/>
  <testcase classname="testngExample.Testng1" name="logout" time="0.003"/>
</testsuite> <!-- Default test -->
