<?xml version="1.0" encoding="UTF-8"?>
<testng-results total="4" passed="4" failed="0" skipped="0">
  <reporter-output>
  </reporter-output>
  <suite started-at="2022-07-26T10:15:17Z" name="Default suite" finished-at="2022-07-26T10:15:17Z" duration-ms="42">
    <groups>
    </groups>
    <test started-at="2022-07-26T10:15:17Z" name="Default test" finished-at="2022-07-26T10:15:17Z" duration-ms="42">
      <class name="testngExample.Testng1">
        <test-method signature="addemp()[pri:0, instance:testngExample.Testng1@1c5920df]" started-at="2022-07-26T15:45:17Z" name="addemp" finished-at="2022-07-26T15:45:17Z" duration-ms="14" status="PASS">
          <reporter-output>
          </reporter-output>
        </test-method> <!-- addemp -->
        <test-method signature="delemp()[pri:0, instance:testngExample.Testng1@1c5920df]" started-at="2022-07-26T15:45:17Z" name="delemp" finished-at="2022-07-26T15:45:17Z" duration-ms="2" status="PASS">
          <reporter-output>
          </reporter-output>
        </test-method> <!-- delemp -->
        <test-method signature="login()[pri:0, instance:testngExample.Testng1@1c5920df]" started-at="2022-07-26T15:45:17Z" name="login" finished-at="2022-07-26T15:45:17Z" duration-ms="1" status="PASS">
          <reporter-output>
          </reporter-output>
        </test-method> <!-- login -->
        <test-method signature="logout()[pri:0, instance:testngExample.Testng1@1c5920df]" started-at="2022-07-26T15:45:17Z" name="logout" finished-at="2022-07-26T15:45:17Z" duration-ms="3" status="PASS">
          <reporter-output>
          </reporter-output>
        </test-method> <!-- logout -->
      </class> <!-- testngExample.Testng1 -->
    </test> <!-- Default test -->
  </suite> <!-- Default suite -->
</testng-results>
